------------------------------------------------------------------------------------------------------------------------

[2017-12-12 22:35:11 #1 store] 
Database 'C:\Users\Future\Documents\NetBeansProjects\CS780OODBProject4\laptop1.odb' is opened by 258108@Future-Level10

[2017-12-12 22:35:11 #2 store] 
Configuration path: C:\Users\Future\Documents\NetBeansProjects\CS780OODBProject4\objectdb-2.7.2\objectdb.conf

------------------------------------------------------------------------------------------------------------------------

[2017-12-12 22:35:35 #1 store] 
Database 'C:\Users\Future\Documents\NetBeansProjects\CS780OODBProject4\laptop1.odb' has been recovered (tr. 1-2)

[2017-12-12 22:35:35 #2 store] 
Database 'C:\Users\Future\Documents\NetBeansProjects\CS780OODBProject4\laptop1.odb' is opened by 261460@Future-Level10

[2017-12-12 22:35:35 #3 store] 
Configuration path: C:\Users\Future\Documents\NetBeansProjects\CS780OODBProject4\objectdb-2.7.2\objectdb.conf

------------------------------------------------------------------------------------------------------------------------

[2017-12-12 22:37:42 #1 store] 
Database 'C:\Users\Future\Documents\NetBeansProjects\CS780OODBProject4\laptop1.odb' is opened by 262032@Future-Level10

[2017-12-12 22:37:42 #2 store] 
Configuration path: C:\Users\Future\Documents\NetBeansProjects\CS780OODBProject4\objectdb-2.7.2\objectdb.conf

[2017-12-12 22:37:42 #3 type] 
Type Company is not enhanced.

[2017-12-12 22:37:42 #4 type] 
Type Product is not enhanced.

[2017-12-12 22:37:42 #5 type] 
Type Processor is not enhanced.

[2017-12-12 22:37:42 #6 type] 
Type Laptop is not enhanced.

[2017-12-12 22:37:42 #7 type] 
Type Memory is not enhanced.

------------------------------------------------------------------------------------------------------------------------

[2017-12-12 23:28:12 #1 store] 
Database 'C:\Users\Future\Documents\NetBeansProjects\CS780OODBProject4\laptop1.odb' is opened by 259956@Future-Level10

[2017-12-12 23:28:12 #2 store] 
Configuration path: C:\Users\Future\Documents\NetBeansProjects\CS780OODBProject4\objectdb-2.7.2\objectdb.conf

[2017-12-12 23:28:13 #3 type] 
Type Company is not enhanced.

[2017-12-12 23:28:13 #4 type] 
Type Product is not enhanced.

[2017-12-12 23:28:13 #5 type] 
Type Processor is not enhanced.

[2017-12-12 23:28:13 #6 type] 
Type Laptop is not enhanced.

[2017-12-12 23:28:13 #7 type] 
Type Memory is not enhanced.

------------------------------------------------------------------------------------------------------------------------

[2017-12-12 23:38:06 #1 store] 
Database 'C:\Users\Future\Documents\NetBeansProjects\CS780OODBProject4\laptop1.odb' is opened by 255124@Future-Level10

[2017-12-12 23:38:06 #2 store] 
Configuration path: C:\Users\Future\Documents\NetBeansProjects\CS780OODBProject4\objectdb-2.7.2\objectdb.conf

[2017-12-12 23:38:06 #3 type] 
Type Company is not enhanced.

[2017-12-12 23:38:06 #4 type] 
Type Product is not enhanced.

[2017-12-12 23:38:06 #5 type] 
Type Processor is not enhanced.

[2017-12-12 23:38:06 #6 type] 
Type Laptop is not enhanced.

[2017-12-12 23:38:06 #7 type] 
Type Memory is not enhanced.

------------------------------------------------------------------------------------------------------------------------

[2017-12-12 23:39:24 #1 store] 
Database 'C:\Users\Future\Documents\NetBeansProjects\CS780OODBProject4\laptop1.odb' is opened by 261940@Future-Level10

[2017-12-12 23:39:24 #2 store] 
Configuration path: C:\Users\Future\Documents\NetBeansProjects\CS780OODBProject4\objectdb-2.7.2\objectdb.conf

[2017-12-12 23:39:24 #3 type] 
Type Company is not enhanced.

[2017-12-12 23:39:24 #4 type] 
Type Product is not enhanced.

[2017-12-12 23:39:24 #5 type] 
Type Processor is not enhanced.

[2017-12-12 23:39:24 #6 type] 
Type Laptop is not enhanced.

[2017-12-12 23:39:24 #7 type] 
Type Memory is not enhanced.

------------------------------------------------------------------------------------------------------------------------

[2017-12-12 23:40:52 #1 store] 
Database 'C:\Users\Future\Documents\NetBeansProjects\CS780OODBProject4\laptop1.odb' is opened by 254776@Future-Level10

[2017-12-12 23:40:52 #2 store] 
Configuration path: C:\Users\Future\Documents\NetBeansProjects\CS780OODBProject4\objectdb-2.7.2\objectdb.conf

[2017-12-12 23:40:52 #3 type] 
Type Company is not enhanced.

[2017-12-12 23:40:52 #4 type] 
Type Product is not enhanced.

[2017-12-12 23:40:52 #5 type] 
Type Processor is not enhanced.

[2017-12-12 23:40:52 #6 type] 
Type Laptop is not enhanced.

[2017-12-12 23:40:52 #7 type] 
Type Memory is not enhanced.

------------------------------------------------------------------------------------------------------------------------

[2017-12-12 23:41:46 #1 store] 
Database 'C:\Users\Future\Documents\NetBeansProjects\CS780OODBProject4\laptop1.odb' is opened by 252592@Future-Level10

[2017-12-12 23:41:46 #2 store] 
Configuration path: C:\Users\Future\Documents\NetBeansProjects\CS780OODBProject4\objectdb-2.7.2\objectdb.conf

[2017-12-12 23:41:46 #3 type] 
Type Company is not enhanced.

[2017-12-12 23:41:46 #4 type] 
Type Product is not enhanced.

[2017-12-12 23:41:46 #5 type] 
Type Processor is not enhanced.

[2017-12-12 23:41:46 #6 type] 
Type Laptop is not enhanced.

[2017-12-12 23:41:46 #7 type] 
Type Memory is not enhanced.

------------------------------------------------------------------------------------------------------------------------

[2017-12-12 23:43:56 #1 store] 
Database 'C:\Users\Future\Documents\NetBeansProjects\CS780OODBProject4\laptop1.odb' is opened by 262928@Future-Level10

[2017-12-12 23:43:56 #2 store] 
Configuration path: C:\Users\Future\Documents\NetBeansProjects\CS780OODBProject4\objectdb-2.7.2\objectdb.conf

[2017-12-12 23:43:56 #3 type] 
Type Company is not enhanced.

[2017-12-12 23:43:56 #4 type] 
Type Product is not enhanced.

[2017-12-12 23:43:56 #5 type] 
Type Processor is not enhanced.

[2017-12-12 23:43:56 #6 type] 
Type Laptop is not enhanced.

[2017-12-12 23:43:56 #7 type] 
Type Memory is not enhanced.

------------------------------------------------------------------------------------------------------------------------

[2017-12-12 23:45:18 #1 store] 
Database 'C:\Users\Future\Documents\NetBeansProjects\CS780OODBProject4\laptop1.odb' is opened by 262692@Future-Level10

[2017-12-12 23:45:18 #2 store] 
Configuration path: C:\Users\Future\Documents\NetBeansProjects\CS780OODBProject4\objectdb-2.7.2\objectdb.conf

[2017-12-12 23:45:18 #3 type] 
Type Company is not enhanced.

[2017-12-12 23:45:18 #4 type] 
Type Product is not enhanced.

[2017-12-12 23:45:18 #5 type] 
Type Processor is not enhanced.

[2017-12-12 23:45:18 #6 type] 
Type Laptop is not enhanced.

[2017-12-12 23:45:18 #7 type] 
Type Memory is not enhanced.

------------------------------------------------------------------------------------------------------------------------

[2017-12-12 23:45:44 #1 store] 
Database 'C:\Users\Future\Documents\NetBeansProjects\CS780OODBProject4\laptop1.odb' is opened by 262892@Future-Level10

[2017-12-12 23:45:44 #2 store] 
Configuration path: C:\Users\Future\Documents\NetBeansProjects\CS780OODBProject4\objectdb-2.7.2\objectdb.conf

[2017-12-12 23:45:44 #3 type] 
Type Company is not enhanced.

[2017-12-12 23:45:44 #4 type] 
Type Product is not enhanced.

[2017-12-12 23:45:44 #5 type] 
Type Processor is not enhanced.

[2017-12-12 23:45:44 #6 type] 
Type Laptop is not enhanced.

[2017-12-12 23:45:44 #7 type] 
Type Memory is not enhanced.

------------------------------------------------------------------------------------------------------------------------

[2017-12-12 23:47:25 #1 store] 
Database 'C:\Users\Future\Documents\NetBeansProjects\CS780OODBProject4\laptop1.odb' is opened by 234988@Future-Level10

[2017-12-12 23:47:25 #2 store] 
Configuration path: C:\Users\Future\Documents\NetBeansProjects\CS780OODBProject4\objectdb-2.7.2\objectdb.conf

[2017-12-12 23:47:25 #3 type] 
Type Company is not enhanced.

[2017-12-12 23:47:25 #4 type] 
Type Product is not enhanced.

[2017-12-12 23:47:25 #5 type] 
Type Processor is not enhanced.

[2017-12-12 23:47:25 #6 type] 
Type Laptop is not enhanced.

[2017-12-12 23:47:25 #7 type] 
Type Memory is not enhanced.

------------------------------------------------------------------------------------------------------------------------

[2017-12-12 23:48:20 #1 store] 
Database 'C:\Users\Future\Documents\NetBeansProjects\CS780OODBProject4\laptop1.odb' is opened by 257496@Future-Level10

[2017-12-12 23:48:20 #2 store] 
Configuration path: C:\Users\Future\Documents\NetBeansProjects\CS780OODBProject4\objectdb-2.7.2\objectdb.conf

[2017-12-12 23:48:20 #3 type] 
Type Company is not enhanced.

[2017-12-12 23:48:20 #4 type] 
Type Product is not enhanced.

[2017-12-12 23:48:20 #5 type] 
Type Processor is not enhanced.

[2017-12-12 23:48:20 #6 type] 
Type Laptop is not enhanced.

[2017-12-12 23:48:20 #7 type] 
Type Memory is not enhanced.

------------------------------------------------------------------------------------------------------------------------

[2017-12-12 23:49:01 #1 store] 
Database 'C:\Users\Future\Documents\NetBeansProjects\CS780OODBProject4\laptop1.odb' is opened by 223552@Future-Level10

[2017-12-12 23:49:01 #2 store] 
Configuration path: C:\Users\Future\Documents\NetBeansProjects\CS780OODBProject4\objectdb-2.7.2\objectdb.conf

[2017-12-12 23:49:01 #3 type] 
Type Company is not enhanced.

[2017-12-12 23:49:01 #4 type] 
Type Product is not enhanced.

[2017-12-12 23:49:01 #5 type] 
Type Processor is not enhanced.

[2017-12-12 23:49:01 #6 type] 
Type Laptop is not enhanced.

[2017-12-12 23:49:01 #7 type] 
Type Memory is not enhanced.

------------------------------------------------------------------------------------------------------------------------

[2017-12-12 23:57:27 #1 store] 
Database 'C:\Users\Future\Documents\NetBeansProjects\CS780OODBProject4\laptop1.odb' is opened by 262792@Future-Level10

[2017-12-12 23:57:27 #2 store] 
Configuration path: C:\Users\Future\Documents\NetBeansProjects\CS780OODBProject4\objectdb-2.7.2\objectdb.conf

[2017-12-12 23:57:27 #3 type] 
Type Company is not enhanced.

[2017-12-12 23:57:27 #4 type] 
Type Product is not enhanced.

[2017-12-12 23:57:27 #5 type] 
Type Processor is not enhanced.

[2017-12-12 23:57:27 #6 type] 
Type Laptop is not enhanced.

[2017-12-12 23:57:27 #7 type] 
Type Memory is not enhanced.

