------------------------------------------------------------------------------------------------------------------------

[2017-12-15 13:43:52 #1 store] 
Database 'C:\Users\Future\Documents\NetBeansProjects\CS780OODBProject4\laptop1.odb' is opened by 301180@Future-Level10

[2017-12-15 13:43:52 #2 store] 
Configuration path: C:\Users\Future\Documents\NetBeansProjects\CS780OODBProject4\objectdb-2.7.2\objectdb.conf

[2017-12-15 13:43:52 #3 type] 
Type Company is not enhanced.

[2017-12-15 13:43:52 #4 type] 
Type Product is not enhanced.

[2017-12-15 13:43:52 #5 type] 
Type Processor is not enhanced.

[2017-12-15 13:43:52 #6 type] 
Type Laptop is not enhanced.

[2017-12-15 13:43:52 #7 type] 
Type Memory is not enhanced.

------------------------------------------------------------------------------------------------------------------------

[2017-12-15 13:44:13 #1 store] 
Database 'C:\Users\Future\Documents\NetBeansProjects\CS780OODBProject4\laptop1.odb' is opened by 301312@Future-Level10

[2017-12-15 13:44:13 #2 store] 
Configuration path: C:\Users\Future\Documents\NetBeansProjects\CS780OODBProject4\objectdb-2.7.2\objectdb.conf

[2017-12-15 13:44:13 #3 type] 
Type Company is not enhanced.

[2017-12-15 13:44:13 #4 type] 
Type Product is not enhanced.

[2017-12-15 13:44:13 #5 type] 
Type Processor is not enhanced.

[2017-12-15 13:44:13 #6 type] 
Type Laptop is not enhanced.

[2017-12-15 13:44:13 #7 type] 
Type Memory is not enhanced.

------------------------------------------------------------------------------------------------------------------------

[2017-12-15 13:45:16 #1 store] 
Database 'C:\Users\Future\Documents\NetBeansProjects\CS780OODBProject4\laptop1.odb' is opened by 296356@Future-Level10

[2017-12-15 13:45:16 #2 store] 
Configuration path: C:\Users\Future\Documents\NetBeansProjects\CS780OODBProject4\objectdb-2.7.2\objectdb.conf

[2017-12-15 13:45:16 #3 type] 
Type Company is not enhanced.

[2017-12-15 13:45:16 #4 type] 
Type Product is not enhanced.

[2017-12-15 13:45:16 #5 type] 
Type Processor is not enhanced.

[2017-12-15 13:45:16 #6 type] 
Type Laptop is not enhanced.

[2017-12-15 13:45:16 #7 type] 
Type Memory is not enhanced.

------------------------------------------------------------------------------------------------------------------------

[2017-12-15 13:45:30 #1 store] 
Database 'C:\Users\Future\Documents\NetBeansProjects\CS780OODBProject4\laptop1.odb' is opened by 301656@Future-Level10

[2017-12-15 13:45:30 #2 store] 
Configuration path: C:\Users\Future\Documents\NetBeansProjects\CS780OODBProject4\objectdb-2.7.2\objectdb.conf

[2017-12-15 13:45:30 #3 type] 
Type Company is not enhanced.

[2017-12-15 13:45:30 #4 type] 
Type Product is not enhanced.

[2017-12-15 13:45:30 #5 type] 
Type Processor is not enhanced.

[2017-12-15 13:45:30 #6 type] 
Type Laptop is not enhanced.

[2017-12-15 13:45:30 #7 type] 
Type Memory is not enhanced.

------------------------------------------------------------------------------------------------------------------------

[2017-12-15 13:45:45 #1 store] 
Database 'C:\Users\Future\Documents\NetBeansProjects\CS780OODBProject4\laptop1.odb' is opened by 296596@Future-Level10

[2017-12-15 13:45:45 #2 store] 
Configuration path: C:\Users\Future\Documents\NetBeansProjects\CS780OODBProject4\objectdb-2.7.2\objectdb.conf

[2017-12-15 13:45:45 #3 type] 
Type Company is not enhanced.

[2017-12-15 13:45:45 #4 type] 
Type Product is not enhanced.

[2017-12-15 13:45:45 #5 type] 
Type Processor is not enhanced.

[2017-12-15 13:45:45 #6 type] 
Type Laptop is not enhanced.

[2017-12-15 13:45:45 #7 type] 
Type Memory is not enhanced.

------------------------------------------------------------------------------------------------------------------------

[2017-12-15 13:53:40 #1 store] 
Database 'C:\Users\Future\Documents\NetBeansProjects\CS780OODBProject4\laptop1.odb' is opened by 299556@Future-Level10

[2017-12-15 13:53:40 #2 store] 
Configuration path: C:\Users\Future\Documents\NetBeansProjects\CS780OODBProject4\objectdb-2.7.2\objectdb.conf

[2017-12-15 13:53:40 #3 type] 
Type Company is not enhanced.

[2017-12-15 13:53:40 #4 type] 
Type Product is not enhanced.

[2017-12-15 13:53:40 #5 type] 
Type Processor is not enhanced.

[2017-12-15 13:53:40 #6 type] 
Type Laptop is not enhanced.

[2017-12-15 13:53:40 #7 type] 
Type Memory is not enhanced.

------------------------------------------------------------------------------------------------------------------------

[2017-12-15 13:54:10 #1 store] 
Database 'C:\Users\Future\Documents\NetBeansProjects\CS780OODBProject4\laptop1.odb' is opened by 290056@Future-Level10

[2017-12-15 13:54:10 #2 store] 
Configuration path: C:\Users\Future\Documents\NetBeansProjects\CS780OODBProject4\objectdb-2.7.2\objectdb.conf

[2017-12-15 13:54:10 #3 type] 
Type Company is not enhanced.

[2017-12-15 13:54:10 #4 type] 
Type Product is not enhanced.

[2017-12-15 13:54:10 #5 type] 
Type Processor is not enhanced.

[2017-12-15 13:54:10 #6 type] 
Type Laptop is not enhanced.

[2017-12-15 13:54:10 #7 type] 
Type Memory is not enhanced.

------------------------------------------------------------------------------------------------------------------------

[2017-12-15 13:54:16 #1 store] 
Database 'C:\Users\Future\Documents\NetBeansProjects\CS780OODBProject4\laptop1.odb' is opened by 293840@Future-Level10

[2017-12-15 13:54:16 #2 store] 
Configuration path: C:\Users\Future\Documents\NetBeansProjects\CS780OODBProject4\objectdb-2.7.2\objectdb.conf

[2017-12-15 13:54:16 #3 type] 
Type Company is not enhanced.

[2017-12-15 13:54:16 #4 type] 
Type Product is not enhanced.

[2017-12-15 13:54:16 #5 type] 
Type Processor is not enhanced.

[2017-12-15 13:54:16 #6 type] 
Type Laptop is not enhanced.

[2017-12-15 13:54:16 #7 type] 
Type Memory is not enhanced.

------------------------------------------------------------------------------------------------------------------------

[2017-12-15 13:54:26 #1 store] 
Database 'C:\Users\Future\Documents\NetBeansProjects\CS780OODBProject4\laptop1.odb' is opened by 64524@Future-Level10

[2017-12-15 13:54:26 #2 store] 
Configuration path: C:\Users\Future\Documents\NetBeansProjects\CS780OODBProject4\objectdb-2.7.2\objectdb.conf

[2017-12-15 13:54:26 #3 type] 
Type Company is not enhanced.

[2017-12-15 13:54:26 #4 type] 
Type Product is not enhanced.

[2017-12-15 13:54:26 #5 type] 
Type Processor is not enhanced.

[2017-12-15 13:54:26 #6 type] 
Type Laptop is not enhanced.

[2017-12-15 13:54:26 #7 type] 
Type Memory is not enhanced.

------------------------------------------------------------------------------------------------------------------------

[2017-12-15 13:54:54 #1 store] 
Database 'C:\Users\Future\Documents\NetBeansProjects\CS780OODBProject4\laptop1.odb' is opened by 299708@Future-Level10

[2017-12-15 13:54:54 #2 store] 
Configuration path: C:\Users\Future\Documents\NetBeansProjects\CS780OODBProject4\objectdb-2.7.2\objectdb.conf

[2017-12-15 13:54:54 #3 type] 
Type Company is not enhanced.

[2017-12-15 13:54:54 #4 type] 
Type Product is not enhanced.

[2017-12-15 13:54:54 #5 type] 
Type Processor is not enhanced.

[2017-12-15 13:54:54 #6 type] 
Type Laptop is not enhanced.

[2017-12-15 13:54:54 #7 type] 
Type Memory is not enhanced.

------------------------------------------------------------------------------------------------------------------------

[2017-12-15 13:55:32 #1 store] 
Database 'C:\Users\Future\Documents\NetBeansProjects\CS780OODBProject4\laptop1.odb' is opened by 301468@Future-Level10

[2017-12-15 13:55:32 #2 store] 
Configuration path: C:\Users\Future\Documents\NetBeansProjects\CS780OODBProject4\objectdb-2.7.2\objectdb.conf

[2017-12-15 13:55:32 #3 type] 
Type Company is not enhanced.

[2017-12-15 13:55:32 #4 type] 
Type Product is not enhanced.

[2017-12-15 13:55:32 #5 type] 
Type Processor is not enhanced.

[2017-12-15 13:55:32 #6 type] 
Type Laptop is not enhanced.

[2017-12-15 13:55:32 #7 type] 
Type Memory is not enhanced.

------------------------------------------------------------------------------------------------------------------------

[2017-12-15 13:56:12 #1 store] 
Database 'C:\Users\Future\Documents\NetBeansProjects\CS780OODBProject4\laptop1.odb' is opened by 300620@Future-Level10

[2017-12-15 13:56:12 #2 store] 
Configuration path: C:\Users\Future\Documents\NetBeansProjects\CS780OODBProject4\objectdb-2.7.2\objectdb.conf

[2017-12-15 13:56:12 #3 type] 
Type Company is not enhanced.

[2017-12-15 13:56:12 #4 type] 
Type Product is not enhanced.

[2017-12-15 13:56:12 #5 type] 
Type Processor is not enhanced.

[2017-12-15 13:56:12 #6 type] 
Type Laptop is not enhanced.

[2017-12-15 13:56:12 #7 type] 
Type Memory is not enhanced.

------------------------------------------------------------------------------------------------------------------------

[2017-12-15 13:59:43 #1 store] 
Database 'C:\Users\Future\Documents\NetBeansProjects\CS780OODBProject4\laptop1.odb' is opened by 295060@Future-Level10

[2017-12-15 13:59:43 #2 store] 
Configuration path: C:\Users\Future\Documents\NetBeansProjects\CS780OODBProject4\objectdb-2.7.2\objectdb.conf

[2017-12-15 13:59:43 #3 type] 
Type Company is not enhanced.

[2017-12-15 13:59:43 #4 type] 
Type Product is not enhanced.

[2017-12-15 13:59:43 #5 type] 
Type Processor is not enhanced.

[2017-12-15 13:59:43 #6 type] 
Type Laptop is not enhanced.

[2017-12-15 13:59:43 #7 type] 
Type Memory is not enhanced.

------------------------------------------------------------------------------------------------------------------------

[2017-12-15 13:59:58 #1 store] 
Database 'C:\Users\Future\Documents\NetBeansProjects\CS780OODBProject4\laptop1.odb' is opened by 295256@Future-Level10

[2017-12-15 13:59:58 #2 store] 
Configuration path: C:\Users\Future\Documents\NetBeansProjects\CS780OODBProject4\objectdb-2.7.2\objectdb.conf

[2017-12-15 13:59:58 #3 type] 
Type Company is not enhanced.

[2017-12-15 13:59:58 #4 type] 
Type Product is not enhanced.

[2017-12-15 13:59:58 #5 type] 
Type Processor is not enhanced.

[2017-12-15 13:59:58 #6 type] 
Type Laptop is not enhanced.

[2017-12-15 13:59:58 #7 type] 
Type Memory is not enhanced.

------------------------------------------------------------------------------------------------------------------------

[2017-12-15 14:00:08 #1 store] 
Database 'C:\Users\Future\Documents\NetBeansProjects\CS780OODBProject4\laptop1.odb' is opened by 300336@Future-Level10

[2017-12-15 14:00:08 #2 store] 
Configuration path: C:\Users\Future\Documents\NetBeansProjects\CS780OODBProject4\objectdb-2.7.2\objectdb.conf

[2017-12-15 14:00:09 #3 type] 
Type Company is not enhanced.

[2017-12-15 14:00:09 #4 type] 
Type Product is not enhanced.

[2017-12-15 14:00:09 #5 type] 
Type Processor is not enhanced.

[2017-12-15 14:00:09 #6 type] 
Type Laptop is not enhanced.

[2017-12-15 14:00:09 #7 type] 
Type Memory is not enhanced.

------------------------------------------------------------------------------------------------------------------------

[2017-12-15 14:00:50 #1 store] 
Database 'C:\Users\Future\Documents\NetBeansProjects\CS780OODBProject4\laptop1.odb' is opened by 294272@Future-Level10

[2017-12-15 14:00:50 #2 store] 
Configuration path: C:\Users\Future\Documents\NetBeansProjects\CS780OODBProject4\objectdb-2.7.2\objectdb.conf

[2017-12-15 14:00:50 #3 type] 
Type Company is not enhanced.

[2017-12-15 14:00:50 #4 type] 
Type Product is not enhanced.

[2017-12-15 14:00:50 #5 type] 
Type Processor is not enhanced.

[2017-12-15 14:00:50 #6 type] 
Type Laptop is not enhanced.

[2017-12-15 14:00:50 #7 type] 
Type Memory is not enhanced.

------------------------------------------------------------------------------------------------------------------------

[2017-12-15 14:02:42 #1 store] 
Database 'C:\Users\Future\Documents\NetBeansProjects\CS780OODBProject4\laptop1.odb' is opened by 301628@Future-Level10

[2017-12-15 14:02:42 #2 store] 
Configuration path: C:\Users\Future\Documents\NetBeansProjects\CS780OODBProject4\objectdb-2.7.2\objectdb.conf

[2017-12-15 14:02:42 #3 type] 
Type Company is not enhanced.

[2017-12-15 14:02:42 #4 type] 
Type Product is not enhanced.

[2017-12-15 14:02:42 #5 type] 
Type Processor is not enhanced.

[2017-12-15 14:02:42 #6 type] 
Type Laptop is not enhanced.

[2017-12-15 14:02:42 #7 type] 
Type Memory is not enhanced.

------------------------------------------------------------------------------------------------------------------------

[2017-12-15 14:03:01 #1 store] 
Database 'C:\Users\Future\Documents\NetBeansProjects\CS780OODBProject4\laptop1.odb' is opened by 302012@Future-Level10

[2017-12-15 14:03:01 #2 store] 
Configuration path: C:\Users\Future\Documents\NetBeansProjects\CS780OODBProject4\objectdb-2.7.2\objectdb.conf

[2017-12-15 14:03:01 #3 type] 
Type Company is not enhanced.

[2017-12-15 14:03:01 #4 type] 
Type Product is not enhanced.

[2017-12-15 14:03:01 #5 type] 
Type Processor is not enhanced.

[2017-12-15 14:03:01 #6 type] 
Type Laptop is not enhanced.

[2017-12-15 14:03:01 #7 type] 
Type Memory is not enhanced.

------------------------------------------------------------------------------------------------------------------------

[2017-12-15 14:03:14 #1 store] 
Database 'C:\Users\Future\Documents\NetBeansProjects\CS780OODBProject4\laptop1.odb' is opened by 300016@Future-Level10

[2017-12-15 14:03:14 #2 store] 
Configuration path: C:\Users\Future\Documents\NetBeansProjects\CS780OODBProject4\objectdb-2.7.2\objectdb.conf

[2017-12-15 14:03:14 #3 type] 
Type Company is not enhanced.

[2017-12-15 14:03:14 #4 type] 
Type Product is not enhanced.

[2017-12-15 14:03:14 #5 type] 
Type Processor is not enhanced.

[2017-12-15 14:03:14 #6 type] 
Type Laptop is not enhanced.

[2017-12-15 14:03:14 #7 type] 
Type Memory is not enhanced.

------------------------------------------------------------------------------------------------------------------------

[2017-12-15 14:12:30 #1 store] 
Database 'C:\Users\Future\Documents\NetBeansProjects\CS780OODBProject4\laptop1.odb' is opened by 295424@Future-Level10

[2017-12-15 14:12:30 #2 store] 
Configuration path: C:\Users\Future\Documents\NetBeansProjects\CS780OODBProject4\objectdb-2.7.2\objectdb.conf

[2017-12-15 14:12:30 #3 type] 
Type Company is not enhanced.

[2017-12-15 14:12:30 #4 type] 
Type Product is not enhanced.

[2017-12-15 14:12:30 #5 type] 
Type Processor is not enhanced.

[2017-12-15 14:12:30 #6 type] 
Type Laptop is not enhanced.

[2017-12-15 14:12:30 #7 type] 
Type Memory is not enhanced.

------------------------------------------------------------------------------------------------------------------------

[2017-12-15 14:16:12 #1 store] 
Database 'C:\Users\Future\Documents\NetBeansProjects\CS780OODBProject4\laptop1.odb' is opened by 302836@Future-Level10

[2017-12-15 14:16:12 #2 store] 
Configuration path: C:\Users\Future\Documents\NetBeansProjects\CS780OODBProject4\objectdb-2.7.2\objectdb.conf

[2017-12-15 14:16:12 #3 type] 
Type Company is not enhanced.

[2017-12-15 14:16:12 #4 type] 
Type Product is not enhanced.

[2017-12-15 14:16:12 #5 type] 
Type Processor is not enhanced.

[2017-12-15 14:16:12 #6 type] 
Type Laptop is not enhanced.

[2017-12-15 14:16:12 #7 type] 
Type Memory is not enhanced.

------------------------------------------------------------------------------------------------------------------------

[2017-12-15 14:16:32 #1 store] 
Database 'C:\Users\Future\Documents\NetBeansProjects\CS780OODBProject4\laptop1.odb' is opened by 302476@Future-Level10

[2017-12-15 14:16:32 #2 store] 
Configuration path: C:\Users\Future\Documents\NetBeansProjects\CS780OODBProject4\objectdb-2.7.2\objectdb.conf

[2017-12-15 14:16:33 #3 type] 
Type Company is not enhanced.

[2017-12-15 14:16:33 #4 type] 
Type Product is not enhanced.

[2017-12-15 14:16:33 #5 type] 
Type Processor is not enhanced.

[2017-12-15 14:16:33 #6 type] 
Type Laptop is not enhanced.

[2017-12-15 14:16:33 #7 type] 
Type Memory is not enhanced.

------------------------------------------------------------------------------------------------------------------------

[2017-12-15 14:16:52 #1 store] 
Database 'C:\Users\Future\Documents\NetBeansProjects\CS780OODBProject4\laptop1.odb' is opened by 301620@Future-Level10

[2017-12-15 14:16:52 #2 store] 
Configuration path: C:\Users\Future\Documents\NetBeansProjects\CS780OODBProject4\objectdb-2.7.2\objectdb.conf

[2017-12-15 14:16:52 #3 type] 
Type Company is not enhanced.

[2017-12-15 14:16:52 #4 type] 
Type Product is not enhanced.

[2017-12-15 14:16:52 #5 type] 
Type Processor is not enhanced.

[2017-12-15 14:16:52 #6 type] 
Type Laptop is not enhanced.

[2017-12-15 14:16:52 #7 type] 
Type Memory is not enhanced.

------------------------------------------------------------------------------------------------------------------------

[2017-12-15 14:17:13 #1 store] 
Database 'C:\Users\Future\Documents\NetBeansProjects\CS780OODBProject4\laptop1.odb' is opened by 300364@Future-Level10

[2017-12-15 14:17:13 #2 store] 
Configuration path: C:\Users\Future\Documents\NetBeansProjects\CS780OODBProject4\objectdb-2.7.2\objectdb.conf

[2017-12-15 14:17:13 #3 type] 
Type Company is not enhanced.

[2017-12-15 14:17:13 #4 type] 
Type Product is not enhanced.

[2017-12-15 14:17:13 #5 type] 
Type Processor is not enhanced.

[2017-12-15 14:17:13 #6 type] 
Type Laptop is not enhanced.

[2017-12-15 14:17:13 #7 type] 
Type Memory is not enhanced.

------------------------------------------------------------------------------------------------------------------------

[2017-12-15 14:17:36 #1 store] 
Database 'C:\Users\Future\Documents\NetBeansProjects\CS780OODBProject4\laptop1.odb' is opened by 302900@Future-Level10

[2017-12-15 14:17:36 #2 store] 
Configuration path: C:\Users\Future\Documents\NetBeansProjects\CS780OODBProject4\objectdb-2.7.2\objectdb.conf

[2017-12-15 14:17:36 #3 type] 
Type Company is not enhanced.

[2017-12-15 14:17:36 #4 type] 
Type Product is not enhanced.

[2017-12-15 14:17:36 #5 type] 
Type Processor is not enhanced.

[2017-12-15 14:17:36 #6 type] 
Type Laptop is not enhanced.

[2017-12-15 14:17:36 #7 type] 
Type Memory is not enhanced.

------------------------------------------------------------------------------------------------------------------------

[2017-12-15 14:18:35 #1 store] 
Database 'C:\Users\Future\Documents\NetBeansProjects\CS780OODBProject4\laptop1.odb' is opened by 301184@Future-Level10

[2017-12-15 14:18:35 #2 store] 
Configuration path: C:\Users\Future\Documents\NetBeansProjects\CS780OODBProject4\objectdb-2.7.2\objectdb.conf

[2017-12-15 14:18:35 #3 type] 
Type Company is not enhanced.

[2017-12-15 14:18:35 #4 type] 
Type Product is not enhanced.

[2017-12-15 14:18:35 #5 type] 
Type Processor is not enhanced.

[2017-12-15 14:18:35 #6 type] 
Type Laptop is not enhanced.

[2017-12-15 14:18:35 #7 type] 
Type Memory is not enhanced.

